<?xml version="1.0" encoding="UTF-8"?>
<!-- Generated by org.testng.reporters.JUnitReportReporter -->
<testsuite hostname="SIGU-DL-22-N-47" failures="0" tests="1" name="DemoGit.demogit" time="0.086" errors="0" timestamp="06 Feb 2023 06:55:47 GMT" skipped="0">
  <testcase classname="DemoGit.demogit" name="tsetup" time="0.086"/>
</testsuite> <!-- DemoGit.demogit -->
