<?xml version="1.0" encoding="UTF-8"?>
<!-- Generated by org.testng.reporters.JUnitReportReporter -->
<testsuite hostname="SIGU-DL-22-N-47" failures="0" tests="1" name="testfolder.RestDemo" time="2.444" errors="0" timestamp="06 Feb 2023 06:37:45 GMT" skipped="0">
  <testcase classname="testfolder.RestDemo" name="get_request" time="2.444"/>
</testsuite> <!-- testfolder.RestDemo -->
