<?xml version="1.0" encoding="UTF-8"?>
<!-- Generated by org.testng.reporters.JUnitReportReporter -->
<testsuite hostname="SIGU-DL-22-N-47" failures="0" tests="1" name="OutletTest.ReviewDownload" time="2.267" errors="0" timestamp="22 Dec 2022 05:51:41 GMT" skipped="0">
  <testcase classname="OutletTest.ReviewDownload" name="Review_Download" time="2.267"/>
</testsuite> <!-- OutletTest.ReviewDownload -->
