<?xml version="1.0" encoding="UTF-8"?>
<!-- Generated by org.testng.reporters.JUnitReportReporter -->
<testsuite skipped="0" hostname="Ritu-Jain" name="restTest" tests="1" failures="0" timestamp="31 Aug 2022 09:46:44 GMT" time="48.140" errors="0">
  <testcase name="test" time="48.140" classname="restTest"/>
</testsuite> <!-- restTest -->
