<?xml version="1.0" encoding="UTF-8"?>
<!-- Generated by org.testng.reporters.JUnitReportReporter -->
<testsuite hostname="SIGU-DL-22-N-47" failures="0" tests="1" name="repository.RestDemo" time="1.518" errors="0" timestamp="06 Feb 2023 06:46:29 GMT" skipped="0">
  <testcase classname="repository.RestDemo" name="get_request" time="1.518"/>
</testsuite> <!-- repository.RestDemo -->
